🎨 Generando imágenes para posts Mes 1...

20 posts sin imagen encontrados

[1/20]

[2026-04-28] w1-problema-hook
  Prompt: dark studio, lime green neon lights, split screen showing a stressed small busin...
  Task: 71b50a2f-5a16-48f2-85fb-50c812095342
  ↻ Poll 5: IN_PROGRESS
  ↻ Poll 10: IN_PROGRESS
  ↻ Poll 15: IN_PROGRESS
  ↻ Poll 20: IN_PROGRESS
  ↻ Poll 25: IN_PROGRESS
  ↻ Poll 30: IN_PROGRESS
  ↻ Poll 35: IN_PROGRESS
  ↻ Poll 40: IN_PROGRESS
  ↻ Poll 45: IN_PROGRESS
  ↻ Poll 50: IN_PROGRESS
  ↻ Poll 55: IN_PROGRESS
  ↻ Poll 60: IN_PROGRESS
  ↻ Poll 65: IN_PROGRESS
  ↻ Poll 70: IN_PROGRESS
  ↻ Poll 75: IN_PROGRESS
  ↻ Poll 80: IN_PROGRESS
  ↻ Poll 85: IN_PROGRESS
  ↻ Poll 90: IN_PROGRESS
  ❌ Error: Timeout after 450s
[2/20]

[2026-04-29] w1-clientes-perdidos
  Prompt: dark studio, lime green neon, three glowing smartphone screens floating in darkn...
  Task: 7e69cf83-e7d0-4fb2-b4fa-5ef1a1dac3a0
  ↻ Poll 5: IN_PROGRESS
  ↻ Poll 10: IN_PROGRESS
  ↻ Poll 15: IN_PROGRESS
  ↻ Poll 20: IN_PROGRESS
  ↻ Poll 25: IN_PROGRESS
  ↻ Poll 30: IN_PROGRESS
  ↻ Poll 35: IN_PROGRESS
  ↻ Poll 40: IN_PROGRESS
  ↻ Poll 45: IN_PROGRESS
  ↻ Poll 50: IN_PROGRESS
  ↻ Poll 55: IN_PROGRESS
  ↻ Poll 60: IN_PROGRESS
  ↻ Poll 65: IN_PROGRESS
  ↻ Poll 70: IN_PROGRESS
  ↻ Poll 75: IN_PROGRESS
  ↻ Poll 80: IN_PROGRESS
  ↻ Poll 85: IN_PROGRESS
  ↻ Poll 90: IN_PROGRESS
  ❌ Error: Timeout after 450s
[3/20]

[2026-04-30] w1-costo-chatbot
  Prompt: dark studio, lime green neon, a glowing calculator and floating Argentine peso b...
  Task: 2c4a29ac-3f28-40a1-ae03-16f4a77e008f
  ↻ Poll 5: IN_PROGRESS
  ↻ Poll 10: IN_PROGRESS
  ↻ Poll 15: IN_PROGRESS
  ↻ Poll 20: IN_PROGRESS
  ↻ Poll 25: IN_PROGRESS
  ↻ Poll 30: IN_PROGRESS
  ↻ Poll 35: IN_PROGRESS
  ↻ Poll 40: IN_PROGRESS
  ↻ Poll 45: IN_PROGRESS
  ↻ Poll 50: IN_PROGRESS
  ↻ Poll 55: IN_PROGRESS
  ↻ Poll 60: IN_PROGRESS
  ↻ Poll 65: IN_PROGRESS
  ↻ Poll 70: IN_PROGRESS
  ↻ Poll 75: IN_PROGRESS
  ↻ Poll 80: IN_PROGRESS
  ↻ Poll 85: IN_PROGRESS
  ↻ Poll 90: IN_PROGRESS
  ❌ Error: Timeout after 450s
[4/20]

[2026-05-01] w1-pregunta-dolor
  Prompt: dark studio, lime green neon, four glowing choice buttons labeled A B C D floati...
  Task: 50199c6d-49b7-4023-837c-96c54a2d24b0
  ↻ Poll 5: IN_PROGRESS
  ↻ Poll 10: IN_PROGRESS
  ↻ Poll 15: IN_PROGRESS
  ↻ Poll 20: IN_PROGRESS
  ↻ Poll 25: IN_PROGRESS
  ↻ Poll 30: IN_PROGRESS
  ↻ Poll 35: IN_PROGRESS
  ↻ Poll 40: IN_PROGRESS
  ↻ Poll 45: IN_PROGRESS
  ↻ Poll 50: IN_PROGRESS
  ↻ Poll 55: IN_PROGRESS
  ↻ Poll 60: IN_PROGRESS
  ↻ Poll 65: IN_PROGRESS
  ↻ Poll 70: IN_PROGRESS
  ↻ Poll 75: IN_PROGRESS
  ↻ Poll 80: IN_PROGRESS
  ↻ Poll 85: IN_PROGRESS
  ↻ Poll 90: IN_PROGRESS
  ❌ Error: Timeout after 450s
[5/20]

[2026-05-02] w1-sin-vs-con
  Prompt: dark studio, lime green neon, cinematic split screen left side shows a stressed ...
  Task: 5df25c20-afb9-490c-a52c-1fe8dbbadcfe
  ↻ Poll 5: IN_PROGRESS
  ↻ Poll 10: IN_PROGRESS
  ↻ Poll 15: IN_PROGRESS
  ↻ Poll 20: IN_PROGRESS
  ↻ Poll 25: IN_PROGRESS
  ↻ Poll 30: IN_PROGRESS
  ↻ Poll 35: IN_PROGRESS
  ↻ Poll 40: IN_PROGRESS
  ↻ Poll 45: IN_PROGRESS
  ↻ Poll 50: IN_PROGRESS
  ↻ Poll 55: IN_PROGRESS
  ↻ Poll 60: IN_PROGRESS
  ↻ Poll 65: IN_PROGRESS
  ↻ Poll 70: IN_PROGRESS
  ↻ Poll 75: IN_PROGRESS
  ↻ Poll 80: IN_PROGRESS
  ↻ Poll 85: IN_PROGRESS
  ↻ Poll 90: IN_PROGRESS
  ❌ Error: Timeout after 450s
[6/20]

[2026-05-05] w2-divinia-llego
  Prompt: dark studio, lime green neon, bold futuristic logo reveal of a local AI agency w...
  Task: 3668ee14-ef47-483e-9b24-1a9c29c841f5
  ↻ Poll 5: IN_PROGRESS
  ↻ Poll 10: IN_PROGRESS
  ↻ Poll 15: IN_PROGRESS
  ↻ Poll 20: IN_PROGRESS
  ↻ Poll 25: IN_PROGRESS
  ↻ Poll 30: IN_PROGRESS
  ↻ Poll 35: IN_PROGRESS
  ↻ Poll 40: IN_PROGRESS
  ↻ Poll 45: IN_PROGRESS
  ↻ Poll 50: IN_PROGRESS
  ↻ Poll 55: IN_PROGRESS
  ↻ Poll 60: IN_PROGRESS
  ↻ Poll 65: IN_PROGRESS
  ↻ Poll 70: IN_PROGRESS
  ↻ Poll 75: IN_PROGRESS
  ↻ Poll 80: IN_PROGRESS
  ↻ Poll 85: IN_PROGRESS
  ↻ Poll 90: IN_PROGRESS
  ❌ Error: Timeout after 450s
[7/20]

[2026-05-06] w2-demo-turnero
  Prompt: dark studio, lime green neon, step by step flow visualization showing WhatsApp c...
  Task: 1c7dca9f-2b37-4dfc-a95c-c334b314a5e1
  ↻ Poll 5: IN_PROGRESS
  ↻ Poll 10: IN_PROGRESS
  ↻ Poll 15: IN_PROGRESS
  ↻ Poll 20: IN_PROGRESS
  ↻ Poll 25: IN_PROGRESS
  ↻ Poll 30: IN_PROGRESS
  ↻ Poll 35: IN_PROGRESS
  ↻ Poll 40: IN_PROGRESS
  ↻ Poll 45: IN_PROGRESS
  ↻ Poll 50: IN_PROGRESS
  ↻ Poll 55: IN_PROGRESS
  ↻ Poll 60: IN_PROGRESS
  ↻ Poll 65: IN_PROGRESS
  ↻ Poll 70: IN_PROGRESS
  ↻ Poll 75: IN_PROGRESS
  ↻ Poll 80: IN_PROGRESS
  ↻ Poll 85: IN_PROGRESS
  ↻ Poll 90: IN_PROGRESS
  ❌ Error: Timeout after 450s
[8/20]

[2026-05-07] w2-3-productos
  Prompt: dark studio, lime green neon, three glowing product cards floating in dark space...
  Task: d702e44b-84b0-41a9-8832-9ff0b0cfc121
  ↻ Poll 5: IN_PROGRESS
  ↻ Poll 10: IN_PROGRESS
  ↻ Poll 15: IN_PROGRESS
  ↻ Poll 20: IN_PROGRESS
  ↻ Poll 25: IN_PROGRESS
  ↻ Poll 30: IN_PROGRESS
  ↻ Poll 35: IN_PROGRESS
  ↻ Poll 40: IN_PROGRESS
  ↻ Poll 45: IN_PROGRESS
  ↻ Poll 50: IN_PROGRESS
  ↻ Poll 55: IN_PROGRESS
  ↻ Poll 60: IN_PROGRESS
  ↻ Poll 65: IN_PROGRESS
  ↻ Poll 70: IN_PROGRESS
  ↻ Poll 75: IN_PROGRESS
  ↻ Poll 80: IN_PROGRESS
  ↻ Poll 85: IN_PROGRESS
  ↻ Poll 90: IN_PROGRESS
  ❌ Error: Timeout after 450s
[9/20]

[2026-05-08] w2-10-horas
  Prompt: dark studio, lime green neon, a relaxed business owner sitting comfortably with ...
  Task: 008b3d7b-b758-4a54-b473-5fe44038797e
  ↻ Poll 5: IN_PROGRESS
  ↻ Poll 10: IN_PROGRESS
  ↻ Poll 15: IN_PROGRESS
  ↻ Poll 20: IN_PROGRESS
  ↻ Poll 25: IN_PROGRESS
  ↻ Poll 30: IN_PROGRESS
  ↻ Poll 35: IN_PROGRESS
  ↻ Poll 40: IN_PROGRESS
  ↻ Poll 45: IN_PROGRESS
  ↻ Poll 50: IN_PROGRESS
  ↻ Poll 55: IN_PROGRESS
  ↻ Poll 60: IN_PROGRESS
  ↻ Poll 65: IN_PROGRESS
  ↻ Poll 70: IN_PROGRESS
  ↻ Poll 75: IN_PROGRESS
  ↻ Poll 80: IN_PROGRESS
  ↻ Poll 85: IN_PROGRESS
  ↻ Poll 90: IN_PROGRESS
  ❌ Error: Timeout after 450s
[10/20]

[2026-05-09] w2-chatbot-3am
  Prompt: dark studio, lime green neon, close up of a smartphone screen at 3am showing a W...
  Task: ec721610-2a82-4894-8c6c-e3e52d7e2f3c
  ↻ Poll 5: IN_PROGRESS
  ↻ Poll 10: IN_PROGRESS
  ↻ Poll 15: IN_PROGRESS
  ↻ Poll 20: IN_PROGRESS
  ↻ Poll 25: IN_PROGRESS
  ↻ Poll 30: IN_PROGRESS
  ↻ Poll 35: IN_PROGRESS
  ↻ Poll 40: IN_PROGRESS
  ↻ Poll 45: IN_PROGRESS
  ↻ Poll 50: IN_PROGRESS
  ↻ Poll 55: IN_PROGRESS
  ↻ Poll 60: IN_PROGRESS
  ↻ Poll 65: IN_PROGRESS
  ↻ Poll 70: IN_PROGRESS
  ↻ Poll 75: IN_PROGRESS
  ↻ Poll 80: IN_PROGRESS
  ↻ Poll 85: IN_PROGRESS
  ↻ Poll 90: IN_PROGRESS
  ❌ Error: Timeout after 450s
[11/20]

[2026-05-12] w3-caso-peluqueria
  Prompt: dark studio with lime green neon lighting, Argentine barber shop interior at nig...
  Task: fab7e84e-d002-464c-8441-94a8d1da4203
  ↻ Poll 5: IN_PROGRESS
  ↻ Poll 10: IN_PROGRESS
  ↻ Poll 15: IN_PROGRESS
  ↻ Poll 20: IN_PROGRESS
  ↻ Poll 25: IN_PROGRESS
  ↻ Poll 30: IN_PROGRESS
  ↻ Poll 35: IN_PROGRESS
  ↻ Poll 40: IN_PROGRESS
  ↻ Poll 45: IN_PROGRESS
  ↻ Poll 50: IN_PROGRESS
  ↻ Poll 55: IN_PROGRESS
  ↻ Poll 60: IN_PROGRESS
  ↻ Poll 65: IN_PROGRESS
  ↻ Poll 70: IN_PROGRESS
  ↻ Poll 75: IN_PROGRESS
  ↻ Poll 80: IN_PROGRESS
  ↻ Poll 85: IN_PROGRESS
  ↻ Poll 90: IN_PROGRESS
  ❌ Error: Timeout after 450s
[12/20]

[2026-05-13] w3-5-cosas-chatbot
  Prompt: dark studio with lime green neon accents, split screen showing 5 smartphone scre...
  Task: 441598a2-fd69-476f-a888-c0d5d5487982
  ↻ Poll 5: IN_PROGRESS
  ↻ Poll 10: IN_PROGRESS
  ↻ Poll 15: IN_PROGRESS
  ↻ Poll 20: IN_PROGRESS
  ↻ Poll 25: IN_PROGRESS
  ↻ Poll 30: IN_PROGRESS
  ↻ Poll 35: IN_PROGRESS
  ↻ Poll 40: IN_PROGRESS
  ↻ Poll 45: IN_PROGRESS
  ↻ Poll 50: IN_PROGRESS
  ↻ Poll 55: IN_PROGRESS
  ↻ Poll 60: IN_PROGRESS
  ↻ Poll 65: IN_PROGRESS
  ↻ Poll 70: IN_PROGRESS
  ↻ Poll 75: IN_PROGRESS
  ↻ Poll 80: IN_PROGRESS
  ↻ Poll 85: IN_PROGRESS
  ↻ Poll 90: IN_PROGRESS
  ❌ Error: Timeout after 450s
[13/20]

[2026-05-14] w3-reaccion-clinica
  Prompt: dark clinic reception in San Luis Argentina, lime green neon light reflecting on...
  Task: 1852421f-953b-4c79-91b8-bcb7cfc5419a
  ↻ Poll 5: IN_PROGRESS
  ↻ Poll 10: IN_PROGRESS
  ↻ Poll 15: IN_PROGRESS
  ↻ Poll 20: IN_PROGRESS
  ↻ Poll 25: IN_PROGRESS
  ↻ Poll 30: IN_PROGRESS
  ↻ Poll 35: IN_PROGRESS
  ↻ Poll 40: IN_PROGRESS
  ↻ Poll 45: IN_PROGRESS
  ↻ Poll 50: IN_PROGRESS
  ↻ Poll 55: IN_PROGRESS
  ↻ Poll 60: IN_PROGRESS
  ↻ Poll 65: IN_PROGRESS
  ↻ Poll 70: IN_PROGRESS
  ↻ Poll 75: IN_PROGRESS
  ↻ Poll 80: IN_PROGRESS
  ↻ Poll 85: IN_PROGRESS
  ↻ Poll 90: IN_PROGRESS
  ❌ Error: Timeout after 450s
[14/20]

[2026-05-15] w3-historia-martina
  Prompt: dark warm studio, lime green neon glow, Argentine woman business owner sitting a...
  Task: fac9e503-8af1-46ba-b814-c7850199f263
  ↻ Poll 5: IN_PROGRESS
  ↻ Poll 10: IN_PROGRESS
  ↻ Poll 15: IN_PROGRESS
  ↻ Poll 20: IN_PROGRESS
  ↻ Poll 25: IN_PROGRESS
  ↻ Poll 30: IN_PROGRESS
  ↻ Poll 35: IN_PROGRESS
  ↻ Poll 40: IN_PROGRESS
  ↻ Poll 45: IN_PROGRESS
  ↻ Poll 50: IN_PROGRESS
  ↻ Poll 55: IN_PROGRESS
  ↻ Poll 60: IN_PROGRESS
  ↻ Poll 65: IN_PROGRESS
  ↻ Poll 70: IN_PROGRESS
  ↻ Poll 75: IN_PROGRESS
  ↻ Poll 80: IN_PROGRESS
  ↻ Poll 85: IN_PROGRESS
  ↻ Poll 90: IN_PROGRESS
  ❌ Error: Timeout after 450s
[15/20]

[2026-05-16] w3-antes-despues
  Prompt: dark studio with lime green neon, split screen composition, left side shows a ch...
  Task: fa039cec-16d3-4c0a-a365-5c56efe36010
  ↻ Poll 5: IN_PROGRESS
  ↻ Poll 10: IN_PROGRESS
  ↻ Poll 15: IN_PROGRESS
  ↻ Poll 20: IN_PROGRESS
  ↻ Poll 25: IN_PROGRESS
  ↻ Poll 30: IN_PROGRESS
  ↻ Poll 35: IN_PROGRESS
  ↻ Poll 40: IN_PROGRESS
  ↻ Poll 45: IN_PROGRESS
  ↻ Poll 50: IN_PROGRESS
  ↻ Poll 55: IN_PROGRESS
  ↻ Poll 60: IN_PROGRESS
  ↻ Poll 65: IN_PROGRESS
  ↻ Poll 70: IN_PROGRESS
  ↻ Poll 75: IN_PROGRESS
  ↻ Poll 80: IN_PROGRESS
  ↻ Poll 85: IN_PROGRESS
  ↻ Poll 90: IN_PROGRESS
  ❌ Error: Timeout after 450s
[16/20]

[2026-05-19] w4-precio-claro
  Prompt: dark editorial studio, lime green neon light, clean product pricing card floatin...
  Task: c3b9dc3b-0bf5-45a6-b5a8-85b907366152
  ↻ Poll 5: IN_PROGRESS
  ↻ Poll 10: IN_PROGRESS
  ↻ Poll 15: IN_PROGRESS
  ↻ Poll 20: IN_PROGRESS
  ↻ Poll 25: IN_PROGRESS
  ↻ Poll 30: IN_PROGRESS
  ↻ Poll 35: IN_PROGRESS
  ↻ Poll 40: IN_PROGRESS
  ↻ Poll 45: IN_PROGRESS
  ↻ Poll 50: IN_PROGRESS
  ↻ Poll 55: IN_PROGRESS
  ↻ Poll 60: IN_PROGRESS
  ↻ Poll 65: IN_PROGRESS
  ↻ Poll 70: IN_PROGRESS
  ↻ Poll 75: IN_PROGRESS
  ↻ Poll 80: IN_PROGRESS
  ↻ Poll 85: IN_PROGRESS
  ↻ Poll 90: IN_PROGRESS
  ❌ Error: Timeout after 450s
[17/20]

[2026-05-20] w4-14-dias
  Prompt: dark studio with lime green neon, close up of a smartphone screen showing a free...
  Task: 8b256aec-ec9f-4109-a3bd-36c7c5d8cf8e
  ↻ Poll 5: IN_PROGRESS
  ↻ Poll 10: IN_PROGRESS
  ↻ Poll 15: IN_PROGRESS
  ↻ Poll 20: IN_PROGRESS
  ↻ Poll 25: IN_PROGRESS
  ↻ Poll 30: IN_PROGRESS
  ↻ Poll 35: IN_PROGRESS
  ↻ Poll 40: IN_PROGRESS
  ↻ Poll 45: IN_PROGRESS
  ↻ Poll 50: IN_PROGRESS
  ↻ Poll 55: IN_PROGRESS
  ↻ Poll 60: IN_PROGRESS
  ↻ Poll 65: IN_PROGRESS
  ↻ Poll 70: IN_PROGRESS
  ↻ Poll 75: IN_PROGRESS
  ↻ Poll 80: IN_PROGRESS
  ↻ Poll 85: IN_PROGRESS
  ↻ Poll 90: IN_PROGRESS
  ❌ Error: Timeout after 450s
[18/20]

[2026-05-21] w4-vs-empleado
  Prompt: dark studio with lime green neon accents, two column comparison infographic floa...
  Task: ff60a53e-0817-409c-96ad-06a1d9e96fb1
  ↻ Poll 5: IN_PROGRESS
  ↻ Poll 10: IN_PROGRESS
  ↻ Poll 15: IN_PROGRESS
  ↻ Poll 20: IN_PROGRESS
  ↻ Poll 25: IN_PROGRESS
  ↻ Poll 30: IN_PROGRESS
  ↻ Poll 35: IN_PROGRESS
  ↻ Poll 40: IN_PROGRESS
  ↻ Poll 45: IN_PROGRESS
  ↻ Poll 50: IN_PROGRESS
  ↻ Poll 55: IN_PROGRESS
  ↻ Poll 60: IN_PROGRESS
  ↻ Poll 65: IN_PROGRESS
  ↻ Poll 70: IN_PROGRESS
  ↻ Poll 75: IN_PROGRESS
  ↻ Poll 80: IN_PROGRESS
  ↻ Poll 85: IN_PROGRESS
  ↻ Poll 90: IN_PROGRESS
  ❌ Error: Timeout after 450s
[19/20]

[2026-05-22] w4-san-luis
  Prompt: dark warm studio, lime green neon glow, aerial view of San Luis Argentina city s...
  Task: 0799030e-17cb-4bb5-9a6b-e2cd108d0b0c
  ↻ Poll 5: IN_PROGRESS
  ↻ Poll 10: IN_PROGRESS
  ↻ Poll 15: IN_PROGRESS
  ↻ Poll 20: IN_PROGRESS
  ↻ Poll 25: IN_PROGRESS
  ↻ Poll 30: IN_PROGRESS
  ↻ Poll 35: IN_PROGRESS
  ↻ Poll 40: IN_PROGRESS
  ↻ Poll 45: IN_PROGRESS
  ↻ Poll 50: IN_PROGRESS
  ↻ Poll 55: IN_PROGRESS
  ↻ Poll 60: IN_PROGRESS
  ↻ Poll 65: IN_PROGRESS
  ↻ Poll 70: IN_PROGRESS
  ↻ Poll 75: IN_PROGRESS
  ↻ Poll 80: IN_PROGRESS
  ↻ Poll 85: IN_PROGRESS
  ↻ Poll 90: IN_PROGRESS
  ❌ Error: Timeout after 450s
[20/20]

[2026-05-23] w4-cierre-mes1
  Prompt: dark cinematic studio, lime green neon light forming a path or road leading forw...
  Task: 572714c7-97c6-4849-b6ad-f176c1ee4086
  ↻ Poll 5: IN_PROGRESS
  ↻ Poll 10: IN_PROGRESS
  ↻ Poll 15: IN_PROGRESS
  ↻ Poll 20: IN_PROGRESS
  ↻ Poll 25: IN_PROGRESS
  ↻ Poll 30: IN_PROGRESS
  ↻ Poll 35: IN_PROGRESS
  ↻ Poll 40: IN_PROGRESS
  ↻ Poll 45: IN_PROGRESS
  ↻ Poll 50: IN_PROGRESS
  ↻ Poll 55: IN_PROGRESS
  ↻ Poll 60: IN_PROGRESS
  ↻ Poll 65: IN_PROGRESS
  ↻ Poll 70: IN_PROGRESS
  ↻ Poll 75: IN_PROGRESS
  ↻ Poll 80: IN_PROGRESS
  ↻ Poll 85: IN_PROGRESS
  ↻ Poll 90: IN_PROGRESS
  ❌ Error: Timeout after 450s

==================================================
✅ 0 imágenes generadas
❌ 20 errores

Errores:
  - w1-problema-hook: Timeout after 450s
  - w1-clientes-perdidos: Timeout after 450s
  - w1-costo-chatbot: Timeout after 450s
  - w1-pregunta-dolor: Timeout after 450s
  - w1-sin-vs-con: Timeout after 450s
  - w2-divinia-llego: Timeout after 450s
  - w2-demo-turnero: Timeout after 450s
  - w2-3-productos: Timeout after 450s
  - w2-10-horas: Timeout after 450s
  - w2-chatbot-3am: Timeout after 450s
  - w3-caso-peluqueria: Timeout after 450s
  - w3-5-cosas-chatbot: Timeout after 450s
  - w3-reaccion-clinica: Timeout after 450s
  - w3-historia-martina: Timeout after 450s
  - w3-antes-despues: Timeout after 450s
  - w4-precio-claro: Timeout after 450s
  - w4-14-dias: Timeout after 450s
  - w4-vs-empleado: Timeout after 450s
  - w4-san-luis: Timeout after 450s
  - w4-cierre-mes1: Timeout after 450s
